-encoding
UTF-8
-outxml
-source
7
-target
7
-classpath
/home/sunisa/.m2/repository/junit/junit/4.11/junit-4.11.jar:/home/sunisa/.m2/repository/log4j/log4j/1.2.17/log4j-1.2.17.jar:/home/sunisa/.m2/repository/org/slf4j/slf4j-api/1.7.5/slf4j-api-1.7.5.jar:/home/sunisa/.m2/repository/org/slf4j/jcl-over-slf4j/1.7.5/jcl-over-slf4j-1.7.5.jar:/home/sunisa/.m2/repository/org/slf4j/slf4j-log4j12/1.7.5/slf4j-log4j12-1.7.5.jar:/home/sunisa/.m2/repository/org/aspectj/aspectjrt/1.8.1/aspectjrt-1.8.1.jar:/home/sunisa/.m2/repository/org/aspectj/aspectjweaver/1.8.1/aspectjweaver-1.8.1.jar:/home/sunisa/.m2/repository/javax/servlet/servlet-api/2.5/servlet-api-2.5.jar:/home/sunisa/.m2/repository/net/sf/flexjson/flexjson/2.1/flexjson-2.1.jar:/home/sunisa/.m2/repository/org/apache/commons/commons-lang3/3.1/commons-lang3-3.1.jar:/home/sunisa/.m2/repository/org/springframework/roo/org.springframework.roo.annotations/1.3.2.RELEASE/org.springframework.roo.annotations-1.3.2.RELEASE.jar:/home/sunisa/.m2/repository/org/springframework/spring-core/3.2.8.RELEASE/spring-core-3.2.8.RELEASE.jar:/home/sunisa/.m2/repository/org/springframework/spring-test/3.2.8.RELEASE/spring-test-3.2.8.RELEASE.jar:/home/sunisa/.m2/repository/org/springframework/spring-context/3.2.8.RELEASE/spring-context-3.2.8.RELEASE.jar:/home/sunisa/.m2/repository/org/springframework/spring-aop/3.2.8.RELEASE/spring-aop-3.2.8.RELEASE.jar:/home/sunisa/.m2/repository/org/springframework/spring-aspects/3.2.8.RELEASE/spring-aspects-3.2.8.RELEASE.jar:/home/sunisa/.m2/repository/org/apache/derby/derby/10.8.2.2/derby-10.8.2.2.jar:/home/sunisa/.m2/repository/org/hibernate/hibernate-core/4.3.6.Final/hibernate-core-4.3.6.Final.jar:/home/sunisa/.m2/repository/org/hibernate/hibernate-entitymanager/4.3.6.Final/hibernate-entitymanager-4.3.6.Final.jar:/home/sunisa/.m2/repository/org/hibernate/javax/persistence/hibernate-jpa-2.1-api/1.0.0.Final/hibernate-jpa-2.1-api-1.0.0.Final.jar:/home/sunisa/.m2/repository/commons-collections/commons-collections/3.2.1/commons-collections-3.2.1.jar:/home/sunisa/.m2/repository/org/hibernate/hibernate-validator/4.3.2.Final/hibernate-validator-4.3.2.Final.jar:/home/sunisa/.m2/repository/javax/validation/validation-api/1.0.0.GA/validation-api-1.0.0.GA.jar:/home/sunisa/.m2/repository/javax/transaction/jta/1.1/jta-1.1.jar:/home/sunisa/.m2/repository/org/springframework/spring-jdbc/3.2.8.RELEASE/spring-jdbc-3.2.8.RELEASE.jar:/home/sunisa/.m2/repository/org/springframework/spring-orm/3.2.8.RELEASE/spring-orm-3.2.8.RELEASE.jar:/home/sunisa/.m2/repository/commons-pool/commons-pool/1.5.6/commons-pool-1.5.6.jar:/home/sunisa/.m2/repository/commons-dbcp/commons-dbcp/1.4/commons-dbcp-1.4.jar:/home/sunisa/.m2/repository/org/springframework/spring-webmvc/3.2.8.RELEASE/spring-webmvc-3.2.8.RELEASE.jar:/home/sunisa/.m2/repository/org/springframework/webflow/spring-js-resources/2.2.1.RELEASE/spring-js-resources-2.2.1.RELEASE.jar:/home/sunisa/.m2/repository/commons-digester/commons-digester/2.1/commons-digester-2.1.jar:/home/sunisa/.m2/repository/commons-fileupload/commons-fileupload/1.2.2/commons-fileupload-1.2.2.jar:/home/sunisa/.m2/repository/javax/servlet/jsp/jstl/jstl-api/1.2/jstl-api-1.2.jar:/home/sunisa/.m2/repository/org/glassfish/web/jstl-impl/1.2/jstl-impl-1.2.jar:/home/sunisa/.m2/repository/javax/el/el-api/2.2/el-api-2.2.jar:/home/sunisa/.m2/repository/joda-time/joda-time/1.6/joda-time-1.6.jar:/home/sunisa/.m2/repository/javax/servlet/jsp/jsp-api/2.1/jsp-api-2.1.jar:/home/sunisa/.m2/repository/commons-codec/commons-codec/1.5/commons-codec-1.5.jar:/home/sunisa/.m2/repository/org/apache/tiles/tiles-jsp/2.2.2/tiles-jsp-2.2.2.jar:/home/sunisa/.m2/repository/commons-io/commons-io/2.4/commons-io-2.4.jar:/home/sunisa/.m2/repository/org/springframework/spring-beans/3.2.8.RELEASE/spring-beans-3.2.8.RELEASE.jar:/home/sunisa/.m2/repository/org/springframework/spring-expression/3.2.8.RELEASE/spring-expression-3.2.8.RELEASE.jar:/home/sunisa/.m2/repository/aopalliance/aopalliance/1.0/aopalliance-1.0.jar:/home/sunisa/.m2/repository/org/jboss/logging/jboss-logging/3.1.3.GA/jboss-logging-3.1.3.GA.jar:/home/sunisa/.m2/repository/org/jboss/logging/jboss-logging-annotations/1.2.0.Beta1/jboss-logging-annotations-1.2.0.Beta1.jar:/home/sunisa/.m2/repository/org/jboss/spec/javax/transaction/jboss-transaction-api_1.2_spec/1.0.0.Final/jboss-transaction-api_1.2_spec-1.0.0.Final.jar:/home/sunisa/.m2/repository/dom4j/dom4j/1.6.1/dom4j-1.6.1.jar:/home/sunisa/.m2/repository/xml-apis/xml-apis/1.0.b2/xml-apis-1.0.b2.jar:/home/sunisa/.m2/repository/org/hibernate/common/hibernate-commons-annotations/4.0.5.Final/hibernate-commons-annotations-4.0.5.Final.jar:/home/sunisa/.m2/repository/org/javassist/javassist/3.18.1-GA/javassist-3.18.1-GA.jar:/home/sunisa/.m2/repository/antlr/antlr/2.7.7/antlr-2.7.7.jar:/home/sunisa/.m2/repository/org/jboss/jandex/1.1.0.Final/jandex-1.1.0.Final.jar:/home/sunisa/.m2/repository/org/springframework/spring-tx/3.2.8.RELEASE/spring-tx-3.2.8.RELEASE.jar:/home/sunisa/.m2/repository/org/springframework/spring-web/3.2.8.RELEASE/spring-web-3.2.8.RELEASE.jar:/home/sunisa/.m2/repository/commons-beanutils/commons-beanutils/1.8.3/commons-beanutils-1.8.3.jar:/home/sunisa/.m2/repository/org/apache/tiles/tiles-servlet/2.2.2/tiles-servlet-2.2.2.jar:/home/sunisa/.m2/repository/org/apache/tiles/tiles-core/2.2.2/tiles-core-2.2.2.jar:/home/sunisa/.m2/repository/org/apache/tiles/tiles-template/2.2.2/tiles-template-2.2.2.jar:/home/sunisa/.m2/repository/org/apache/tiles/tiles-api/2.2.2/tiles-api-2.2.2.jar:/home/sunisa/devTai/webService-exchangeCurrency/target/classes
-aspectpath
/home/sunisa/.m2/repository/org/springframework/spring-aspects/3.2.8.RELEASE/spring-aspects-3.2.8.RELEASE.jar
-d
/home/sunisa/devTai/webService-exchangeCurrency/target/classes
/home/sunisa/devTai/webService-exchangeCurrency/src/main/java/com/exc/exchangecurrency/domain/EMailTemplate.java
/home/sunisa/devTai/webService-exchangeCurrency/src/main/java/com/exc/exchangecurrency/domain/AppParameter_Roo_Jpa_Entity.aj
/home/sunisa/devTai/webService-exchangeCurrency/src/main/java/com/exc/exchangecurrency/domain/AppParameter_Roo_ToString.aj
/home/sunisa/devTai/webService-exchangeCurrency/src/main/java/com/exc/exchangecurrency/domain/EMailTemplate_Roo_Configurable.aj
/home/sunisa/devTai/webService-exchangeCurrency/src/main/java/com/exc/exchangecurrency/domain/AppParameter_Roo_JavaBean.aj
/home/sunisa/devTai/webService-exchangeCurrency/src/main/java/com/exc/exchangecurrency/domain/AppParameter_Roo_Jpa_ActiveRecord.aj
/home/sunisa/devTai/webService-exchangeCurrency/src/main/java/com/exc/exchangecurrency/domain/AppParameter_Roo_Json.aj
/home/sunisa/devTai/webService-exchangeCurrency/src/main/java/com/exc/exchangecurrency/domain/EMailTemplate_Roo_Jpa_Entity.aj
/home/sunisa/devTai/webService-exchangeCurrency/src/main/java/com/exc/exchangecurrency/domain/exc/ExchangeCurrency_Roo_Jpa_Entity.aj
/home/sunisa/devTai/webService-exchangeCurrency/src/main/java/com/exc/exchangecurrency/domain/exc/DateExchangeCuurency_Roo_Configurable.aj
/home/sunisa/devTai/webService-exchangeCurrency/src/main/java/com/exc/exchangecurrency/domain/exc/ExchangeCurrency_Roo_Jpa_ActiveRecord.aj
/home/sunisa/devTai/webService-exchangeCurrency/src/main/java/com/exc/exchangecurrency/domain/exc/Bank_Roo_Json.aj
/home/sunisa/devTai/webService-exchangeCurrency/src/main/java/com/exc/exchangecurrency/domain/exc/ExchangeCurrency_Roo_JavaBean.aj
/home/sunisa/devTai/webService-exchangeCurrency/src/main/java/com/exc/exchangecurrency/domain/exc/Currency_Roo_Json.aj
/home/sunisa/devTai/webService-exchangeCurrency/src/main/java/com/exc/exchangecurrency/domain/exc/Bank_Roo_Jpa_ActiveRecord.aj
/home/sunisa/devTai/webService-exchangeCurrency/src/main/java/com/exc/exchangecurrency/domain/exc/Currency_Roo_Configurable.aj
/home/sunisa/devTai/webService-exchangeCurrency/src/main/java/com/exc/exchangecurrency/domain/exc/Bank_Roo_ToString.aj
/home/sunisa/devTai/webService-exchangeCurrency/src/main/java/com/exc/exchangecurrency/domain/exc/DateExchangeCuurency.java
/home/sunisa/devTai/webService-exchangeCurrency/src/main/java/com/exc/exchangecurrency/domain/exc/Currency_Roo_Jpa_Entity.aj
/home/sunisa/devTai/webService-exchangeCurrency/src/main/java/com/exc/exchangecurrency/domain/exc/DateExchangeCuurency_Roo_Json.aj
/home/sunisa/devTai/webService-exchangeCurrency/src/main/java/com/exc/exchangecurrency/domain/exc/DateExchangeCuurency_Roo_Jpa_Entity.aj
/home/sunisa/devTai/webService-exchangeCurrency/src/main/java/com/exc/exchangecurrency/domain/exc/Currency_Roo_ToString.aj
/home/sunisa/devTai/webService-exchangeCurrency/src/main/java/com/exc/exchangecurrency/domain/exc/Currency.java
/home/sunisa/devTai/webService-exchangeCurrency/src/main/java/com/exc/exchangecurrency/domain/exc/Bank.java
/home/sunisa/devTai/webService-exchangeCurrency/src/main/java/com/exc/exchangecurrency/domain/exc/Bank_Roo_Jpa_Entity.aj
/home/sunisa/devTai/webService-exchangeCurrency/src/main/java/com/exc/exchangecurrency/domain/exc/DateExchangeCuurency_Roo_JavaBean.aj
/home/sunisa/devTai/webService-exchangeCurrency/src/main/java/com/exc/exchangecurrency/domain/exc/ExchangeCurrency_Roo_Json.aj
/home/sunisa/devTai/webService-exchangeCurrency/src/main/java/com/exc/exchangecurrency/domain/exc/Currency_Roo_JavaBean.aj
/home/sunisa/devTai/webService-exchangeCurrency/src/main/java/com/exc/exchangecurrency/domain/exc/ExchangeCurrency_Roo_ToString.aj
/home/sunisa/devTai/webService-exchangeCurrency/src/main/java/com/exc/exchangecurrency/domain/exc/ExchangeCurrency.java
/home/sunisa/devTai/webService-exchangeCurrency/src/main/java/com/exc/exchangecurrency/domain/exc/Currency_Roo_Jpa_ActiveRecord.aj
/home/sunisa/devTai/webService-exchangeCurrency/src/main/java/com/exc/exchangecurrency/domain/exc/Bank_Roo_JavaBean.aj
/home/sunisa/devTai/webService-exchangeCurrency/src/main/java/com/exc/exchangecurrency/domain/exc/DateExchangeCuurency_Roo_ToString.aj
/home/sunisa/devTai/webService-exchangeCurrency/src/main/java/com/exc/exchangecurrency/domain/exc/DateExchangeCuurency_Roo_Jpa_ActiveRecord.aj
/home/sunisa/devTai/webService-exchangeCurrency/src/main/java/com/exc/exchangecurrency/domain/exc/Bank_Roo_Configurable.aj
/home/sunisa/devTai/webService-exchangeCurrency/src/main/java/com/exc/exchangecurrency/domain/exc/ExchangeCurrency_Roo_Configurable.aj
/home/sunisa/devTai/webService-exchangeCurrency/src/main/java/com/exc/exchangecurrency/domain/ParameterDetail_Roo_Jpa_ActiveRecord.aj
/home/sunisa/devTai/webService-exchangeCurrency/src/main/java/com/exc/exchangecurrency/domain/ParameterDetail.java
/home/sunisa/devTai/webService-exchangeCurrency/src/main/java/com/exc/exchangecurrency/domain/EMailTemplate_Roo_Json.aj
/home/sunisa/devTai/webService-exchangeCurrency/src/main/java/com/exc/exchangecurrency/domain/ParameterDetail_Roo_Configurable.aj
/home/sunisa/devTai/webService-exchangeCurrency/src/main/java/com/exc/exchangecurrency/domain/ParameterDetail_Roo_Jpa_Entity.aj
/home/sunisa/devTai/webService-exchangeCurrency/src/main/java/com/exc/exchangecurrency/domain/ParameterDetail_Roo_JavaBean.aj
/home/sunisa/devTai/webService-exchangeCurrency/src/main/java/com/exc/exchangecurrency/domain/AppParameter.java
/home/sunisa/devTai/webService-exchangeCurrency/src/main/java/com/exc/exchangecurrency/domain/ParameterDetail_Roo_Json.aj
/home/sunisa/devTai/webService-exchangeCurrency/src/main/java/com/exc/exchangecurrency/domain/EMailTemplate_Roo_JavaBean.aj
/home/sunisa/devTai/webService-exchangeCurrency/src/main/java/com/exc/exchangecurrency/domain/EMailTemplate_Roo_ToString.aj
/home/sunisa/devTai/webService-exchangeCurrency/src/main/java/com/exc/exchangecurrency/domain/ParameterDetail_Roo_ToString.aj
/home/sunisa/devTai/webService-exchangeCurrency/src/main/java/com/exc/exchangecurrency/domain/EMailTemplate_Roo_Jpa_ActiveRecord.aj
/home/sunisa/devTai/webService-exchangeCurrency/src/main/java/com/exc/exchangecurrency/domain/AppParameter_Roo_Configurable.aj
/home/sunisa/devTai/webService-exchangeCurrency/src/main/java/com/exc/exchangecurrency/base/BaseEntity_Roo_ToString.aj
/home/sunisa/devTai/webService-exchangeCurrency/src/main/java/com/exc/exchangecurrency/base/BaseEntity_Roo_Jpa_ActiveRecord.aj
/home/sunisa/devTai/webService-exchangeCurrency/src/main/java/com/exc/exchangecurrency/base/BaseEntity.java
/home/sunisa/devTai/webService-exchangeCurrency/src/main/java/com/exc/exchangecurrency/base/BaseEntity_Roo_JavaBean.aj
/home/sunisa/devTai/webService-exchangeCurrency/src/main/java/com/exc/exchangecurrency/base/BaseEntity_Roo_Jpa_Entity.aj
/home/sunisa/devTai/webService-exchangeCurrency/src/main/java/com/exc/exchangecurrency/base/BaseEntity_Roo_Configurable.aj
/home/sunisa/devTai/webService-exchangeCurrency/src/main/java/com/exc/exchangecurrency/base/BaseEntity_Roo_Json.aj
/home/sunisa/devTai/webService-exchangeCurrency/src/main/java/com/exc/exchangecurrency/security/AppUser_Roo_Jpa_ActiveRecord.aj
/home/sunisa/devTai/webService-exchangeCurrency/src/main/java/com/exc/exchangecurrency/security/AppRole_Roo_Jpa_ActiveRecord.aj
/home/sunisa/devTai/webService-exchangeCurrency/src/main/java/com/exc/exchangecurrency/security/AppRole_Roo_ToString.aj
/home/sunisa/devTai/webService-exchangeCurrency/src/main/java/com/exc/exchangecurrency/security/AppUser_Roo_Json.aj
/home/sunisa/devTai/webService-exchangeCurrency/src/main/java/com/exc/exchangecurrency/security/AppRole_Roo_Json.aj
/home/sunisa/devTai/webService-exchangeCurrency/src/main/java/com/exc/exchangecurrency/security/AppRole.java
/home/sunisa/devTai/webService-exchangeCurrency/src/main/java/com/exc/exchangecurrency/security/AppUser_Roo_ToString.aj
/home/sunisa/devTai/webService-exchangeCurrency/src/main/java/com/exc/exchangecurrency/security/AppUser_Roo_Finder.aj
/home/sunisa/devTai/webService-exchangeCurrency/src/main/java/com/exc/exchangecurrency/security/AppUser_Roo_Jpa_Entity.aj
/home/sunisa/devTai/webService-exchangeCurrency/src/main/java/com/exc/exchangecurrency/security/AppUser_Roo_Configurable.aj
/home/sunisa/devTai/webService-exchangeCurrency/src/main/java/com/exc/exchangecurrency/security/AppRole_Roo_Configurable.aj
/home/sunisa/devTai/webService-exchangeCurrency/src/main/java/com/exc/exchangecurrency/security/AppUser_Roo_JavaBean.aj
/home/sunisa/devTai/webService-exchangeCurrency/src/main/java/com/exc/exchangecurrency/security/AppRole_Roo_JavaBean.aj
/home/sunisa/devTai/webService-exchangeCurrency/src/main/java/com/exc/exchangecurrency/security/AppRole_Roo_Jpa_Entity.aj
/home/sunisa/devTai/webService-exchangeCurrency/src/main/java/com/exc/exchangecurrency/security/AppUser.java
/home/sunisa/devTai/webService-exchangeCurrency/src/main/java/com/exc/exchangecurrency/web/exc/DateExchangeCuurencyController_Roo_Controller_Json.aj
/home/sunisa/devTai/webService-exchangeCurrency/src/main/java/com/exc/exchangecurrency/web/exc/CurrencyController_Roo_Controller_Json.aj
/home/sunisa/devTai/webService-exchangeCurrency/src/main/java/com/exc/exchangecurrency/web/exc/AppParameterController_Roo_Controller.aj
/home/sunisa/devTai/webService-exchangeCurrency/src/main/java/com/exc/exchangecurrency/web/exc/AppRoleController_Roo_Controller.aj
/home/sunisa/devTai/webService-exchangeCurrency/src/main/java/com/exc/exchangecurrency/web/exc/CurrencyController.java
/home/sunisa/devTai/webService-exchangeCurrency/src/main/java/com/exc/exchangecurrency/web/exc/EMailTemplateController_Roo_Controller_Json.aj
/home/sunisa/devTai/webService-exchangeCurrency/src/main/java/com/exc/exchangecurrency/web/exc/AppParameterController_Roo_Controller_Json.aj
/home/sunisa/devTai/webService-exchangeCurrency/src/main/java/com/exc/exchangecurrency/web/exc/AppUserController.java
/home/sunisa/devTai/webService-exchangeCurrency/src/main/java/com/exc/exchangecurrency/web/exc/ApplicationConversionServiceFactoryBean_Roo_ConversionService.aj
/home/sunisa/devTai/webService-exchangeCurrency/src/main/java/com/exc/exchangecurrency/web/exc/ExchangeCurrencyController_Roo_Controller.aj
/home/sunisa/devTai/webService-exchangeCurrency/src/main/java/com/exc/exchangecurrency/web/exc/ExchangeCurrencyController_Roo_Controller_Json.aj
/home/sunisa/devTai/webService-exchangeCurrency/src/main/java/com/exc/exchangecurrency/web/exc/BankController_Roo_Controller.aj
/home/sunisa/devTai/webService-exchangeCurrency/src/main/java/com/exc/exchangecurrency/web/exc/AppUserController_Roo_Controller.aj
/home/sunisa/devTai/webService-exchangeCurrency/src/main/java/com/exc/exchangecurrency/web/exc/BankController_Roo_Controller_Json.aj
/home/sunisa/devTai/webService-exchangeCurrency/src/main/java/com/exc/exchangecurrency/web/exc/ApplicationConversionServiceFactoryBean.java
/home/sunisa/devTai/webService-exchangeCurrency/src/main/java/com/exc/exchangecurrency/web/exc/ParameterDetailController_Roo_Controller_Json.aj
/home/sunisa/devTai/webService-exchangeCurrency/src/main/java/com/exc/exchangecurrency/web/exc/AppRoleController.java
/home/sunisa/devTai/webService-exchangeCurrency/src/main/java/com/exc/exchangecurrency/web/exc/AppParameterController.java
/home/sunisa/devTai/webService-exchangeCurrency/src/main/java/com/exc/exchangecurrency/web/exc/EMailTemplateController.java
/home/sunisa/devTai/webService-exchangeCurrency/src/main/java/com/exc/exchangecurrency/web/exc/ParameterDetailController.java
/home/sunisa/devTai/webService-exchangeCurrency/src/main/java/com/exc/exchangecurrency/web/exc/AppRoleController_Roo_Controller_Json.aj
/home/sunisa/devTai/webService-exchangeCurrency/src/main/java/com/exc/exchangecurrency/web/exc/ParameterDetailController_Roo_Controller.aj
/home/sunisa/devTai/webService-exchangeCurrency/src/main/java/com/exc/exchangecurrency/web/exc/BankController.java
/home/sunisa/devTai/webService-exchangeCurrency/src/main/java/com/exc/exchangecurrency/web/exc/DateExchangeCuurencyController.java
/home/sunisa/devTai/webService-exchangeCurrency/src/main/java/com/exc/exchangecurrency/web/exc/ExchangeCurrencyController.java
/home/sunisa/devTai/webService-exchangeCurrency/src/main/java/com/exc/exchangecurrency/web/exc/CurrencyController_Roo_Controller.aj
/home/sunisa/devTai/webService-exchangeCurrency/src/main/java/com/exc/exchangecurrency/web/exc/AppUserController_Roo_Controller_Json.aj
/home/sunisa/devTai/webService-exchangeCurrency/src/main/java/com/exc/exchangecurrency/web/exc/EMailTemplateController_Roo_Controller.aj
/home/sunisa/devTai/webService-exchangeCurrency/src/main/java/com/exc/exchangecurrency/web/exc/DateExchangeCuurencyController_Roo_Controller.aj
